<?xml version="1.0" encoding="UTF-8"?>
<testsuite xmlns:xsi="http://www.w3.org/2001/XMLSchema-instance" xsi:noNamespaceSchemaLocation="https://maven.apache.org/surefire/maven-surefire-plugin/xsd/surefire-test-report-3.0.xsd" version="3.0" name="TestSuite" time="0.702" tests="2" errors="0" skipped="0" failures="0">
  <properties>
[...]
</properties>
  <testcase name="testConfiguration" classname="Testing" time="0.011">
    <system-out><![CDATA[https://www.saucedemo.com/
"yuliia";
"9999";
]]></system-out>
  </testcase>
  <testcase name="testUser" classname="Testing" time="0.007">
    <system-out><![CDATA[Added a new user: Yullia, kkkk
Deleted user: null
]]></system-out>
  </testcase>
</testsuite>