<?xml version="1.0" encoding="UTF-8"?>
<testng-results ignored="0" total="2" passed="2" failed="0" skipped="0">
  <reporter-output>
  </reporter-output>
  <suite started-at="2023-03-21T15:04:23 EET" name="Suite1" finished-at="2023-03-21T15:04:24 EET" duration-ms="39">
    <groups>
    </groups>
    <test started-at="2023-03-21T15:04:23 EET" name="My first project" finished-at="2023-03-21T15:04:24 EET" duration-ms="39">
      <class name="Testing">
        <test-method signature="testConfiguration()[pri:0, instance:Testing@73ee04c8]" started-at="2023-03-21T15:04:24 EET" name="testConfiguration" finished-at="2023-03-21T15:04:24 EET" duration-ms="5" status="PASS">
          <reporter-output>
          </reporter-output>
        </test-method> <!-- testConfiguration -->
        <test-method signature="testUser()[pri:0, instance:Testing@73ee04c8]" started-at="2023-03-21T15:04:24 EET" name="testUser" finished-at="2023-03-21T15:04:24 EET" duration-ms="12" status="PASS">
          <reporter-output>
          </reporter-output>
        </test-method> <!-- testUser -->
      </class> <!-- Testing -->
    </test> <!-- My first project -->
  </suite> <!-- Suite1 -->
</testng-results>
